#! /usr/bin/vvp
:ivl_version "10.1 (stable)";
:ivl_delay_selection "TYPICAL";
:vpi_time_precision + 0;
:vpi_module "system";
:vpi_module "vhdl_sys";
:vpi_module "v2005_math";
:vpi_module "va_math";
S_0x55850117a530 .scope module, "control_tb" "control_tb" 2 3;
 .timescale 0 0;
v0x55850119b3b0_0 .net "ALUSrc", 0 0, v0x55850117a960_0;  1 drivers
v0x55850119b470_0 .net "MemRW", 0 0, v0x55850119a420_0;  1 drivers
v0x55850119b540_0 .net "alu_control", 3 0, v0x55850119a5a0_0;  1 drivers
v0x55850119b640_0 .var "alu_zero", 0 0;
v0x55850119b710_0 .var "instruction", 31 0;
v0x55850119b7b0_0 .net "memReg", 0 0, v0x55850119aa30_0;  1 drivers
v0x55850119b880_0 .net "pc_control", 2 0, v0x55850119abd0_0;  1 drivers
v0x55850119b950_0 .net "regDst", 0 0, v0x55850119ad90_0;  1 drivers
v0x55850119ba20_0 .net "regWrite", 0 0, v0x55850119ae50_0;  1 drivers
S_0x55850117a6b0 .scope module, "Control" "control" 2 16, 3 1 0, S_0x55850117a530;
 .timescale 0 0;
    .port_info 0 /INPUT 32 "instruction"
    .port_info 1 /OUTPUT 1 "MemRW"
    .port_info 2 /OUTPUT 1 "regWrite"
    .port_info 3 /OUTPUT 1 "memReg"
    .port_info 4 /OUTPUT 1 "regDst"
    .port_info 5 /OUTPUT 1 "ALUSrc"
    .port_info 6 /OUTPUT 4 "alu_control"
    .port_info 7 /INPUT 1 "alu_zero"
    .port_info 8 /OUTPUT 3 "pc_control"
v0x55850117a960_0 .var "ALUSrc", 0 0;
v0x55850119a420_0 .var "MemRW", 0 0;
v0x55850119a4e0_0 .var "address", 25 0;
v0x55850119a5a0_0 .var "alu_control", 3 0;
v0x55850119a680_0 .net "alu_zero", 0 0, v0x55850119b640_0;  1 drivers
v0x55850119a790_0 .var "funct", 5 0;
v0x55850119a870_0 .var "immediate", 15 0;
v0x55850119a950_0 .net "instruction", 31 0, v0x55850119b710_0;  1 drivers
v0x55850119aa30_0 .var "memReg", 0 0;
v0x55850119aaf0_0 .net "op", 5 0, L_0x55850119baf0;  1 drivers
v0x55850119abd0_0 .var "pc_control", 2 0;
v0x55850119acb0_0 .var "rd", 4 0;
v0x55850119ad90_0 .var "regDst", 0 0;
v0x55850119ae50_0 .var "regWrite", 0 0;
v0x55850119af10_0 .var "rs", 4 0;
v0x55850119aff0_0 .var "rt", 4 0;
v0x55850119b0d0_0 .var "shamt", 4 0;
v0x55850119b1b0_0 .var "type", 2 0;
E_0x558501155e00 .event edge, v0x55850119aaf0_0, v0x55850119a950_0, v0x55850119a790_0, v0x55850119a680_0;
L_0x55850119baf0 .part v0x55850119b710_0, 26, 6;
    .scope S_0x55850117a6b0;
T_0 ;
    %wait E_0x558501155e00;
    %load/vec4 v0x55850119aaf0_0;
    %cmpi/e 0, 0, 6;
    %jmp/0xz  T_0.0, 4;
    %pushi/vec4 0, 0, 26;
    %store/vec4 v0x55850119a4e0_0, 0, 26;
    %pushi/vec4 0, 0, 16;
    %store/vec4 v0x55850119a870_0, 0, 16;
    %load/vec4 v0x55850119a950_0;
    %parti/s 5, 21, 6;
    %store/vec4 v0x55850119af10_0, 0, 5;
    %load/vec4 v0x55850119a950_0;
    %parti/s 5, 16, 6;
    %store/vec4 v0x55850119aff0_0, 0, 5;
    %load/vec4 v0x55850119a950_0;
    %parti/s 5, 11, 5;
    %store/vec4 v0x55850119acb0_0, 0, 5;
    %load/vec4 v0x55850119a950_0;
    %parti/s 5, 6, 4;
    %store/vec4 v0x55850119b0d0_0, 0, 5;
    %pushi/vec4 1, 0, 3;
    %store/vec4 v0x55850119b1b0_0, 0, 3;
    %load/vec4 v0x55850119a950_0;
    %parti/s 6, 0, 2;
    %store/vec4 v0x55850119a790_0, 0, 6;
    %jmp T_0.1;
T_0.0 ;
    %load/vec4 v0x55850119aaf0_0;
    %cmpi/e 63, 0, 6;
    %flag_mov 8, 4;
    %load/vec4 v0x55850119aaf0_0;
    %cmpi/e 2, 0, 6;
    %flag_or 4, 8;
    %jmp/0xz  T_0.2, 4;
    %load/vec4 v0x55850119a950_0;
    %parti/s 26, 0, 2;
    %store/vec4 v0x55850119a4e0_0, 0, 26;
    %pushi/vec4 0, 0, 16;
    %store/vec4 v0x55850119a870_0, 0, 16;
    %pushi/vec4 0, 0, 5;
    %store/vec4 v0x55850119af10_0, 0, 5;
    %pushi/vec4 0, 0, 5;
    %store/vec4 v0x55850119aff0_0, 0, 5;
    %pushi/vec4 0, 0, 5;
    %store/vec4 v0x55850119acb0_0, 0, 5;
    %pushi/vec4 0, 0, 5;
    %store/vec4 v0x55850119b0d0_0, 0, 5;
    %pushi/vec4 4, 0, 3;
    %store/vec4 v0x55850119b1b0_0, 0, 3;
    %pushi/vec4 0, 0, 6;
    %store/vec4 v0x55850119a790_0, 0, 6;
    %jmp T_0.3;
T_0.2 ;
    %pushi/vec4 0, 0, 26;
    %store/vec4 v0x55850119a4e0_0, 0, 26;
    %load/vec4 v0x55850119a950_0;
    %parti/s 16, 0, 2;
    %store/vec4 v0x55850119a870_0, 0, 16;
    %load/vec4 v0x55850119a950_0;
    %parti/s 5, 21, 6;
    %store/vec4 v0x55850119af10_0, 0, 5;
    %load/vec4 v0x55850119a950_0;
    %parti/s 5, 16, 6;
    %store/vec4 v0x55850119aff0_0, 0, 5;
    %pushi/vec4 0, 0, 5;
    %store/vec4 v0x55850119acb0_0, 0, 5;
    %load/vec4 v0x55850119a950_0;
    %parti/s 5, 6, 4;
    %store/vec4 v0x55850119b0d0_0, 0, 5;
    %pushi/vec4 2, 0, 3;
    %store/vec4 v0x55850119b1b0_0, 0, 3;
    %load/vec4 v0x55850119a950_0;
    %parti/s 6, 0, 2;
    %store/vec4 v0x55850119a790_0, 0, 6;
T_0.3 ;
T_0.1 ;
    %load/vec4 v0x55850119aaf0_0;
    %pushi/vec4 0, 0, 6;
    %cmp/e;
    %flag_get/vec4 4;
    %load/vec4 v0x55850119a790_0;
    %pushi/vec4 19, 0, 6;
    %cmp/e;
    %flag_get/vec4 4;
    %and;
    %flag_set/vec4 8;
    %load/vec4 v0x55850119aaf0_0;
    %cmpi/e 4, 0, 6;
    %flag_or 4, 8;
    %jmp/0xz  T_0.4, 4;
    %pushi/vec4 1, 0, 4;
    %store/vec4 v0x55850119a5a0_0, 0, 4;
    %jmp T_0.5;
T_0.4 ;
    %load/vec4 v0x55850119aaf0_0;
    %pushi/vec4 0, 0, 6;
    %cmp/e;
    %flag_get/vec4 4;
    %load/vec4 v0x55850119a790_0;
    %pushi/vec4 32, 0, 6;
    %cmp/e;
    %flag_get/vec4 4;
    %and;
    %flag_set/vec4 8;
    %load/vec4 v0x55850119aaf0_0;
    %cmpi/e 8, 0, 6;
    %flag_or 4, 8;
    %jmp/0xz  T_0.6, 4;
    %pushi/vec4 2, 0, 4;
    %store/vec4 v0x55850119a5a0_0, 0, 4;
    %jmp T_0.7;
T_0.6 ;
    %load/vec4 v0x55850119aaf0_0;
    %pushi/vec4 0, 0, 6;
    %cmp/e;
    %flag_get/vec4 4;
    %load/vec4 v0x55850119a790_0;
    %pushi/vec4 20, 0, 6;
    %cmp/e;
    %flag_get/vec4 4;
    %and;
    %flag_set/vec4 8;
    %jmp/0xz  T_0.8, 8;
    %pushi/vec4 3, 0, 4;
    %store/vec4 v0x55850119a5a0_0, 0, 4;
    %jmp T_0.9;
T_0.8 ;
    %load/vec4 v0x55850119aaf0_0;
    %pushi/vec4 0, 0, 6;
    %cmp/e;
    %flag_get/vec4 4;
    %load/vec4 v0x55850119a790_0;
    %pushi/vec4 34, 0, 6;
    %cmp/e;
    %flag_get/vec4 4;
    %and;
    %flag_set/vec4 8;
    %load/vec4 v0x55850119aaf0_0;
    %cmpi/e 2, 0, 6;
    %flag_or 4, 8;
    %jmp/0xz  T_0.10, 4;
    %pushi/vec4 6, 0, 4;
    %store/vec4 v0x55850119a5a0_0, 0, 4;
    %jmp T_0.11;
T_0.10 ;
    %load/vec4 v0x55850119aaf0_0;
    %cmpi/e 5, 0, 6;
    %jmp/0xz  T_0.12, 4;
    %pushi/vec4 8, 0, 4;
    %store/vec4 v0x55850119a5a0_0, 0, 4;
    %jmp T_0.13;
T_0.12 ;
    %load/vec4 v0x55850119aaf0_0;
    %cmpi/e 6, 0, 6;
    %jmp/0xz  T_0.14, 4;
    %pushi/vec4 9, 0, 4;
    %store/vec4 v0x55850119a5a0_0, 0, 4;
    %jmp T_0.15;
T_0.14 ;
    %load/vec4 v0x55850119aaf0_0;
    %cmpi/e 9, 0, 6;
    %flag_mov 8, 4;
    %load/vec4 v0x55850119aaf0_0;
    %cmpi/e 10, 0, 6;
    %flag_or 4, 8;
    %flag_mov 8, 4;
    %load/vec4 v0x55850119aaf0_0;
    %cmpi/e 11, 0, 6;
    %flag_or 4, 8;
    %jmp/0xz  T_0.16, 4;
    %pushi/vec4 6, 0, 4;
    %store/vec4 v0x55850119a5a0_0, 0, 4;
    %jmp T_0.17;
T_0.16 ;
    %load/vec4 v0x55850119aaf0_0;
    %cmpi/e 43, 0, 6;
    %flag_mov 8, 4;
    %load/vec4 v0x55850119aaf0_0;
    %cmpi/e 35, 0, 6;
    %flag_or 4, 8;
    %jmp/0xz  T_0.18, 4;
    %pushi/vec4 2, 0, 4;
    %store/vec4 v0x55850119a5a0_0, 0, 4;
    %jmp T_0.19;
T_0.18 ;
    %pushi/vec4 15, 0, 4;
    %store/vec4 v0x55850119a5a0_0, 0, 4;
T_0.19 ;
T_0.17 ;
T_0.15 ;
T_0.13 ;
T_0.11 ;
T_0.9 ;
T_0.7 ;
T_0.5 ;
    %load/vec4 v0x55850119aaf0_0;
    %cmpi/e 43, 0, 6;
    %jmp/0xz  T_0.20, 4;
    %pushi/vec4 1, 0, 1;
    %store/vec4 v0x55850119a420_0, 0, 1;
    %jmp T_0.21;
T_0.20 ;
    %pushi/vec4 0, 0, 1;
    %store/vec4 v0x55850119a420_0, 0, 1;
T_0.21 ;
    %load/vec4 v0x55850119aaf0_0;
    %cmpi/e 0, 0, 6;
    %flag_mov 8, 4;
    %load/vec4 v0x55850119aaf0_0;
    %cmpi/e 35, 0, 6;
    %flag_or 4, 8;
    %flag_mov 8, 4;
    %load/vec4 v0x55850119aaf0_0;
    %cmpi/e 8, 0, 6;
    %flag_or 4, 8;
    %jmp/0xz  T_0.22, 4;
    %pushi/vec4 1, 0, 1;
    %store/vec4 v0x55850119ae50_0, 0, 1;
    %jmp T_0.23;
T_0.22 ;
    %pushi/vec4 0, 0, 1;
    %store/vec4 v0x55850119ae50_0, 0, 1;
T_0.23 ;
    %load/vec4 v0x55850119aaf0_0;
    %cmpi/e 35, 0, 6;
    %jmp/0xz  T_0.24, 4;
    %pushi/vec4 1, 0, 1;
    %store/vec4 v0x55850119aa30_0, 0, 1;
    %jmp T_0.25;
T_0.24 ;
    %pushi/vec4 0, 0, 1;
    %store/vec4 v0x55850119aa30_0, 0, 1;
T_0.25 ;
    %load/vec4 v0x55850119aaf0_0;
    %cmpi/e 0, 0, 6;
    %jmp/0xz  T_0.26, 4;
    %pushi/vec4 1, 0, 1;
    %store/vec4 v0x55850119ad90_0, 0, 1;
    %jmp T_0.27;
T_0.26 ;
    %pushi/vec4 0, 0, 1;
    %store/vec4 v0x55850119ad90_0, 0, 1;
T_0.27 ;
    %load/vec4 v0x55850119aaf0_0;
    %cmpi/e 35, 0, 6;
    %flag_mov 8, 4;
    %load/vec4 v0x55850119aaf0_0;
    %cmpi/e 43, 0, 6;
    %flag_or 4, 8;
    %flag_mov 8, 4;
    %load/vec4 v0x55850119aaf0_0;
    %cmpi/e 8, 0, 6;
    %flag_or 4, 8;
    %jmp/0xz  T_0.28, 4;
    %pushi/vec4 1, 0, 1;
    %store/vec4 v0x55850117a960_0, 0, 1;
    %jmp T_0.29;
T_0.28 ;
    %pushi/vec4 0, 0, 1;
    %store/vec4 v0x55850117a960_0, 0, 1;
T_0.29 ;
    %load/vec4 v0x55850119aaf0_0;
    %cmpi/e 2, 0, 6;
    %jmp/0xz  T_0.30, 4;
    %pushi/vec4 1, 0, 3;
    %store/vec4 v0x55850119abd0_0, 0, 3;
    %jmp T_0.31;
T_0.30 ;
    %load/vec4 v0x55850119aaf0_0;
    %pushi/vec4 4, 0, 6;
    %cmp/e;
    %flag_get/vec4 4;
    %load/vec4 v0x55850119a680_0;
    %pad/u 32;
    %pushi/vec4 1, 0, 32;
    %cmp/e;
    %flag_get/vec4 4;
    %and;
    %flag_set/vec4 8;
    %jmp/0xz  T_0.32, 8;
    %pushi/vec4 3, 0, 3;
    %store/vec4 v0x55850119abd0_0, 0, 3;
    %jmp T_0.33;
T_0.32 ;
    %load/vec4 v0x55850119aaf0_0;
    %pushi/vec4 11, 0, 6;
    %cmp/e;
    %flag_get/vec4 4;
    %load/vec4 v0x55850119a680_0;
    %pad/u 32;
    %pushi/vec4 0, 0, 32;
    %cmp/e;
    %flag_get/vec4 4;
    %and;
    %flag_set/vec4 8;
    %jmp/0xz  T_0.34, 8;
    %pushi/vec4 3, 0, 3;
    %store/vec4 v0x55850119abd0_0, 0, 3;
    %jmp T_0.35;
T_0.34 ;
    %load/vec4 v0x55850119aaf0_0;
    %pushi/vec4 9, 0, 6;
    %cmp/e;
    %flag_get/vec4 4;
    %load/vec4 v0x55850119a680_0;
    %pad/u 32;
    %pushi/vec4 0, 0, 32;
    %cmp/e;
    %flag_get/vec4 4;
    %and;
    %flag_set/vec4 8;
    %jmp/0xz  T_0.36, 8;
    %pushi/vec4 3, 0, 3;
    %store/vec4 v0x55850119abd0_0, 0, 3;
    %jmp T_0.37;
T_0.36 ;
    %load/vec4 v0x55850119aaf0_0;
    %cmpi/e 63, 0, 6;
    %jmp/0xz  T_0.38, 4;
    %pushi/vec4 7, 0, 3;
    %store/vec4 v0x55850119abd0_0, 0, 3;
    %jmp T_0.39;
T_0.38 ;
    %pushi/vec4 0, 0, 3;
    %store/vec4 v0x55850119abd0_0, 0, 3;
T_0.39 ;
T_0.37 ;
T_0.35 ;
T_0.33 ;
T_0.31 ;
    %jmp T_0;
    .thread T_0, $push;
    .scope S_0x55850117a530;
T_1 ;
    %vpi_call 2 28 "$dumpfile", "control.vcd" {0 0 0};
    %vpi_call 2 29 "$dumpvars", 32'sb00000000000000000000000000000000, S_0x55850117a530 {0 0 0};
    %pushi/vec4 0, 0, 1;
    %store/vec4 v0x55850119b640_0, 0, 1;
    %pushi/vec4 0, 0, 32;
    %store/vec4 v0x55850119b710_0, 0, 32;
    %delay 10, 0;
    %pushi/vec4 1, 0, 1;
    %store/vec4 v0x55850119b640_0, 0, 1;
    %pushi/vec4 554172418, 0, 32;
    %store/vec4 v0x55850119b710_0, 0, 32;
    %delay 10, 0;
    %pushi/vec4 0, 0, 1;
    %store/vec4 v0x55850119b640_0, 0, 1;
    %pushi/vec4 558497794, 0, 32;
    %store/vec4 v0x55850119b710_0, 0, 32;
    %delay 10, 0;
    %pushi/vec4 1, 0, 1;
    %store/vec4 v0x55850119b640_0, 0, 1;
    %pushi/vec4 17448992, 0, 32;
    %store/vec4 v0x55850119b710_0, 0, 32;
    %delay 10, 0;
    %pushi/vec4 0, 0, 1;
    %store/vec4 v0x55850119b640_0, 0, 1;
    %pushi/vec4 556335105, 0, 32;
    %store/vec4 v0x55850119b710_0, 0, 32;
    %delay 10, 0;
    %pushi/vec4 0, 0, 1;
    %store/vec4 v0x55850119b640_0, 0, 1;
    %pushi/vec4 2903048192, 0, 32;
    %store/vec4 v0x55850119b710_0, 0, 32;
    %delay 10, 0;
    %pushi/vec4 0, 0, 1;
    %store/vec4 v0x55850119b640_0, 0, 1;
    %pushi/vec4 2370371584, 0, 32;
    %store/vec4 v0x55850119b710_0, 0, 32;
    %delay 10, 0;
    %pushi/vec4 0, 0, 1;
    %store/vec4 v0x55850119b640_0, 0, 1;
    %pushi/vec4 17383458, 0, 32;
    %store/vec4 v0x55850119b710_0, 0, 32;
    %delay 10, 0;
    %pushi/vec4 0, 0, 1;
    %store/vec4 v0x55850119b640_0, 0, 1;
    %pushi/vec4 285802568, 0, 32;
    %store/vec4 v0x55850119b710_0, 0, 32;
    %delay 10, 0;
    %pushi/vec4 0, 0, 1;
    %store/vec4 v0x55850119b640_0, 0, 1;
    %pushi/vec4 134217735, 0, 32;
    %store/vec4 v0x55850119b710_0, 0, 32;
    %delay 10, 0;
    %pushi/vec4 0, 0, 1;
    %store/vec4 v0x55850119b640_0, 0, 1;
    %pushi/vec4 4244635647, 0, 32;
    %store/vec4 v0x55850119b710_0, 0, 32;
    %delay 10, 0;
    %vpi_call 2 75 "$finish" {0 0 0};
    %end;
    .thread T_1;
# The file index is used to find the file name in the following table.
:file_names 4;
    "N/A";
    "<interactive>";
    "control_tb.v";
    "./control.v";
